

Version:	3.50
CmdLine:	C:\Users\ararr\Videos\javaswing.exe\insert.exe --l4j-debug
JNI:		No
WOW64:		Yes
Working dir:	C:\Users\ararr\Videos\javaswing.exe\.
Requires JDK:	No
Requires 64-Bit: Yes
Java min ver:	
Java max ver:	
Substitute:	JAVA_HOME = C:\Program Files\Java\jdk-17
Substitute:	PATH = C:\Program Files\Common Files\Oracle\Java\javapath;C:\Program Files\Microsoft\jdk-11.0.16.101-hotspot\bin;C:\Program Files (x86)\NVIDIA Corporation\PhysX\Common;C:\Python\Python37;C:\Python\Python37\Scripts;C:\WINDOWS\system32;C:\WINDOWS;C:\WINDOWS\System32\Wbem;C:\WINDOWS\System32\WindowsPowerShell\v1.0\;C:\WINDOWS\System32\OpenSSH\;C:\Program Files\nodejs\;C:\Program Files (x86)\Microsoft SQL Server\160\Tools\Binn\;C:\Program Files\Microsoft SQL Server\160\Tools\Binn\;C:\Program Files\Microsoft SQL Server\Client SDK\ODBC\170\Tools\Binn\;C:\Program Files\Microsoft SQL Server\160\DTS\Binn\;C:\Program Files\Microsoft SQL Server\150\Tools\Binn\;C:\Program Files (x86)\Microsoft SQL Server\160\DTS\Binn\;C:\Program Files\Azure Data Studio\bin;C:\Program Files\dotnet\;C:\Program Files\MongoDB\Server\6.0\bin;C:\mongosh-1.8.0-win32-x64\bin;C:\Program Files\Gitu\cmd;C:\Program Files (x86)\Android\android-sdk\platforms;C:\Program Files (x86)\Android\android-sdk\platform-tools;C:\Program Files\MySQL\MySQL Server 8.0\bin;C:\GradleWebApp\gradle-8.10.1\bin;C:\Program Files\Java\jdk-17\bin;C:\Program Files\Docker\Docker\resources\bin;C:\ProgramData\chocolatey\bin;C:\Users\ararr\Downloads\apache-maven-3.9.9-bin\apache-maven-3.9.9\bin;C:\Users\ararr\Downloads\apache-tomcat-9.0.95-windows-x64\apache-tomcat-9.0.95\bin;C:\Users\ararr\scoop\shims;C:\Program Files\Android\Android Studio1\gradle\gradle-8.7-all(1)\gradle-8.7\bin;C:\Users\ararr\AppData\Local\Programs\Microsoft VS Code\bin;C:\Program Files\Java\jdk-17\bin
JRE paths:	C:\Program Files\Java\jdk-17;C:\Program Files\Common Files\Oracle\Java\javapath;C:\Program Files\Microsoft\jdk-11.0.16.101-hotspot\bin;C:\Program Files (x86)\NVIDIA Corporation\PhysX\Common;C:\Python\Python37;C:\Python\Python37\Scripts;C:\WINDOWS\system32;C:\WINDOWS;C:\WINDOWS\System32\Wbem;C:\WINDOWS\System32\WindowsPowerShell\v1.0\;C:\WINDOWS\System32\OpenSSH\;C:\Program Files\nodejs\;C:\Program Files (x86)\Microsoft SQL Server\160\Tools\Binn\;C:\Program Files\Microsoft SQL Server\160\Tools\Binn\;C:\Program Files\Microsoft SQL Server\Client SDK\ODBC\170\Tools\Binn\;C:\Program Files\Microsoft SQL Server\160\DTS\Binn\;C:\Program Files\Microsoft SQL Server\150\Tools\Binn\;C:\Program Files (x86)\Microsoft SQL Server\160\DTS\Binn\;C:\Program Files\Azure Data Studio\bin;C:\Program Files\dotnet\;C:\Program Files\MongoDB\Server\6.0\bin;C:\mongosh-1.8.0-win32-x64\bin;C:\Program Files\Gitu\cmd;C:\Program Files (x86)\Android\android-sdk\platforms;C:\Program Files (x86)\Android\android-sdk\platform-tools;C:\Program Files\MySQL\MySQL Server 8.0\bin;C:\GradleWebApp\gradle-8.10.1\bin;C:\Program Files\Java\jdk-17\bin;C:\Program Files\Docker\Docker\resources\bin;C:\ProgramData\chocolatey\bin;C:\Users\ararr\Downloads\apache-maven-3.9.9-bin\apache-maven-3.9.9\bin;C:\Users\ararr\Downloads\apache-tomcat-9.0.95-windows-x64\apache-tomcat-9.0.95\bin;C:\Users\ararr\scoop\shims;C:\Program Files\Android\Android Studio1\gradle\gradle-8.7-all(1)\gradle-8.7\bin;C:\Users\ararr\AppData\Local\Programs\Microsoft VS Code\bin;C:\Program Files\Java\jdk-17\bin
Check launcher:	C:\Program Files\Java\jdk-17\bin\javaw.exe (OK)
Version string: 1.017.000_011 / 64-Bit (OK)
Launcher:	C:\Program Files\Java\jdk-17\bin\javaw.exe
Launcher args:	-jar "C:\Users\ararr\Videos\javaswing.exe\insert.exe"
Args length:	53/32768 chars
Exit code:	0


Version:	3.50
CmdLine:	C:\Users\ararr\Videos\javaswing.exe\insert.exe --l4j-debug
JNI:		No
WOW64:		Yes
Working dir:	C:\Users\ararr\Videos\javaswing.exe\.
Requires JDK:	No
Requires 64-Bit: Yes
Java min ver:	
Java max ver:	
Substitute:	JAVA_HOME = C:\Program Files\Java\jdk-17
Substitute:	PATH = C:\Program Files\Common Files\Oracle\Java\javapath;C:\Program Files\Microsoft\jdk-11.0.16.101-hotspot\bin;C:\Program Files (x86)\NVIDIA Corporation\PhysX\Common;C:\Python\Python37;C:\Python\Python37\Scripts;C:\WINDOWS\system32;C:\WINDOWS;C:\WINDOWS\System32\Wbem;C:\WINDOWS\System32\WindowsPowerShell\v1.0\;C:\WINDOWS\System32\OpenSSH\;C:\Program Files\nodejs\;C:\Program Files (x86)\Microsoft SQL Server\160\Tools\Binn\;C:\Program Files\Microsoft SQL Server\160\Tools\Binn\;C:\Program Files\Microsoft SQL Server\Client SDK\ODBC\170\Tools\Binn\;C:\Program Files\Microsoft SQL Server\160\DTS\Binn\;C:\Program Files\Microsoft SQL Server\150\Tools\Binn\;C:\Program Files (x86)\Microsoft SQL Server\160\DTS\Binn\;C:\Program Files\Azure Data Studio\bin;C:\Program Files\dotnet\;C:\Program Files\MongoDB\Server\6.0\bin;C:\mongosh-1.8.0-win32-x64\bin;C:\Program Files\Gitu\cmd;C:\Program Files (x86)\Android\android-sdk\platforms;C:\Program Files (x86)\Android\android-sdk\platform-tools;C:\Program Files\MySQL\MySQL Server 8.0\bin;C:\GradleWebApp\gradle-8.10.1\bin;C:\Program Files\Java\jdk-17\bin;C:\Program Files\Docker\Docker\resources\bin;C:\ProgramData\chocolatey\bin;C:\Users\ararr\Downloads\apache-maven-3.9.9-bin\apache-maven-3.9.9\bin;C:\Users\ararr\Downloads\apache-tomcat-9.0.95-windows-x64\apache-tomcat-9.0.95\bin;C:\Users\ararr\scoop\shims;C:\Program Files\Android\Android Studio1\gradle\gradle-8.7-all(1)\gradle-8.7\bin;C:\Users\ararr\AppData\Local\Programs\Microsoft VS Code\bin;C:\Program Files\Java\jdk-17\bin
JRE paths:	C:\Program Files\Java\jdk-17;C:\Program Files\Common Files\Oracle\Java\javapath;C:\Program Files\Microsoft\jdk-11.0.16.101-hotspot\bin;C:\Program Files (x86)\NVIDIA Corporation\PhysX\Common;C:\Python\Python37;C:\Python\Python37\Scripts;C:\WINDOWS\system32;C:\WINDOWS;C:\WINDOWS\System32\Wbem;C:\WINDOWS\System32\WindowsPowerShell\v1.0\;C:\WINDOWS\System32\OpenSSH\;C:\Program Files\nodejs\;C:\Program Files (x86)\Microsoft SQL Server\160\Tools\Binn\;C:\Program Files\Microsoft SQL Server\160\Tools\Binn\;C:\Program Files\Microsoft SQL Server\Client SDK\ODBC\170\Tools\Binn\;C:\Program Files\Microsoft SQL Server\160\DTS\Binn\;C:\Program Files\Microsoft SQL Server\150\Tools\Binn\;C:\Program Files (x86)\Microsoft SQL Server\160\DTS\Binn\;C:\Program Files\Azure Data Studio\bin;C:\Program Files\dotnet\;C:\Program Files\MongoDB\Server\6.0\bin;C:\mongosh-1.8.0-win32-x64\bin;C:\Program Files\Gitu\cmd;C:\Program Files (x86)\Android\android-sdk\platforms;C:\Program Files (x86)\Android\android-sdk\platform-tools;C:\Program Files\MySQL\MySQL Server 8.0\bin;C:\GradleWebApp\gradle-8.10.1\bin;C:\Program Files\Java\jdk-17\bin;C:\Program Files\Docker\Docker\resources\bin;C:\ProgramData\chocolatey\bin;C:\Users\ararr\Downloads\apache-maven-3.9.9-bin\apache-maven-3.9.9\bin;C:\Users\ararr\Downloads\apache-tomcat-9.0.95-windows-x64\apache-tomcat-9.0.95\bin;C:\Users\ararr\scoop\shims;C:\Program Files\Android\Android Studio1\gradle\gradle-8.7-all(1)\gradle-8.7\bin;C:\Users\ararr\AppData\Local\Programs\Microsoft VS Code\bin;C:\Program Files\Java\jdk-17\bin
Check launcher:	C:\Program Files\Java\jdk-17\bin\javaw.exe (OK)
Version string: 1.017.000_011 / 64-Bit (OK)
Launcher:	C:\Program Files\Java\jdk-17\bin\javaw.exe
Launcher args:	-jar "C:\Users\ararr\Videos\javaswing.exe\insert.exe"
Args length:	53/32768 chars
Exit code:	0
